<?xml version="1.0" encoding="UTF-8"?>
<!-- Generated by org.testng.reporters.JUnitXMLReporter -->
<testsuite hostname="Shyam" ignored="0" name="free CRM App Test Cases" tests="9" failures="0" timestamp="02 Apr 2020 17:52:07 GMT" time="49.354" errors="0">
  <testcase name="@BeforeMethod setUp" time="17.788" classname="com.crm.qa.testcases.HomPageTest">
    <failure type="org.openqa.selenium.SessionNotCreatedException" message="session not created
from chrome not reachable
  (Session info: chrome=80.0.3987.149)
Build info: version: &amp;apos;3.141.0&amp;apos;, revision: &amp;apos;2ecb7d9a&amp;apos;, time: &amp;apos;2018-10-31T20:09:30&amp;apos;
System info: host: &amp;apos;SHYAM&amp;apos;, ip: &amp;apos;192.168.1.100&amp;apos;, os.name: &amp;apos;Windows 10&amp;apos;, os.arch: &amp;apos;amd64&amp;apos;, os.version: &amp;apos;10.0&amp;apos;, java.version: &amp;apos;1.8.0_231&amp;apos;
Driver info: driver.version: ChromeDriver
remote stacktrace: Backtrace:
	Ordinal0 [0x0094A113+1548563]
	Ordinal0 [0x008CDDA1+1039777]
	Ordinal0 [0x0084E32E+516910]
	Ordinal0 [0x00848012+491538]
	Ordinal0 [0x008486EB+493291]
	Ordinal0 [0x00849855+497749]
	Ordinal0 [0x00845885+481413]
	Ordinal0 [0x0084F0D0+520400]
	Ordinal0 [0x007FC030+180272]
	Ordinal0 [0x007FB59D+177565]
	Ordinal0 [0x007F95FB+169467]
	Ordinal0 [0x007E160A+71178]
	Ordinal0 [0x007E2690+75408]
	Ordinal0 [0x007E2629+75305]
	Ordinal0 [0x008E71B7+1143223]
	GetHandleVerifier [0x009E2B46+507814]
	GetHandleVerifier [0x009E2864+507076]
	GetHandleVerifier [0x009E9F47+537511]
	GetHandleVerifier [0x009E3402+510050]
	Ordinal0 [0x008DF29C+1110684]
	Ordinal0 [0x008E938B+1151883]
	Ordinal0 [0x008E94F3+1152243]
	Ordinal0 [0x008E83F5+1147893]
	BaseThreadInitThunk [0x768C6359+25]
	RtlGetAppContainerNamedObjectPath [0x77AF7B74+228]
	RtlGetAppContainerNamedObjectPath [0x77AF7B44+180]
">
      <![CDATA[org.openqa.selenium.SessionNotCreatedException: session not created
from chrome not reachable
  (Session info: chrome=80.0.3987.149)
Build info: version: '3.141.0', revision: '2ecb7d9a', time: '2018-10-31T20:09:30'
System info: host: 'SHYAM', ip: '192.168.1.100', os.name: 'Windows 10', os.arch: 'amd64', os.version: '10.0', java.version: '1.8.0_231'
Driver info: driver.version: ChromeDriver
remote stacktrace: Backtrace:
Ordinal0 [0x0094A113+1548563]
Ordinal0 [0x008CDDA1+1039777]
Ordinal0 [0x0084E32E+516910]
Ordinal0 [0x00848012+491538]
Ordinal0 [0x008486EB+493291]
Ordinal0 [0x00849855+497749]
Ordinal0 [0x00845885+481413]
Ordinal0 [0x0084F0D0+520400]
Ordinal0 [0x007FC030+180272]
Ordinal0 [0x007FB59D+177565]
Ordinal0 [0x007F95FB+169467]
Ordinal0 [0x007E160A+71178]
Ordinal0 [0x007E2690+75408]
Ordinal0 [0x007E2629+75305]
Ordinal0 [0x008E71B7+1143223]
GetHandleVerifier [0x009E2B46+507814]
GetHandleVerifier [0x009E2864+507076]
GetHandleVerifier [0x009E9F47+537511]
GetHandleVerifier [0x009E3402+510050]
Ordinal0 [0x008DF29C+1110684]
Ordinal0 [0x008E938B+1151883]
Ordinal0 [0x008E94F3+1152243]
Ordinal0 [0x008E83F5+1147893]
BaseThreadInitThunk [0x768C6359+25]
RtlGetAppContainerNamedObjectPath [0x77AF7B74+228]
RtlGetAppContainerNamedObjectPath [0x77AF7B44+180]

at org.openqa.selenium.remote.W3CHandshakeResponse.lambda$errorHandler$0(W3CHandshakeResponse.java:62)
at org.openqa.selenium.remote.HandshakeResponse.lambda$getResponseFunction$0(HandshakeResponse.java:30)
at org.openqa.selenium.remote.ProtocolHandshake.lambda$createSession$0(ProtocolHandshake.java:123)
at java.util.stream.ReferencePipeline$3$1.accept(ReferencePipeline.java:193)
at java.util.Spliterators$ArraySpliterator.tryAdvance(Spliterators.java:958)
at java.util.stream.ReferencePipeline.forEachWithCancel(ReferencePipeline.java:126)
at java.util.stream.AbstractPipeline.copyIntoWithCancel(AbstractPipeline.java:499)
at java.util.stream.AbstractPipeline.copyInto(AbstractPipeline.java:486)
at java.util.stream.AbstractPipeline.wrapAndCopyInto(AbstractPipeline.java:472)
at java.util.stream.FindOps$FindOp.evaluateSequential(FindOps.java:152)
at java.util.stream.AbstractPipeline.evaluate(AbstractPipeline.java:234)
at java.util.stream.ReferencePipeline.findFirst(ReferencePipeline.java:464)
at org.openqa.selenium.remote.ProtocolHandshake.createSession(ProtocolHandshake.java:125)
at org.openqa.selenium.remote.ProtocolHandshake.createSession(ProtocolHandshake.java:74)
at org.openqa.selenium.remote.HttpCommandExecutor.execute(HttpCommandExecutor.java:136)
at org.openqa.selenium.remote.service.DriverCommandExecutor.execute(DriverCommandExecutor.java:83)
at org.openqa.selenium.remote.RemoteWebDriver.execute(RemoteWebDriver.java:552)
at org.openqa.selenium.remote.RemoteWebDriver.startSession(RemoteWebDriver.java:213)
at org.openqa.selenium.remote.RemoteWebDriver.<init>(RemoteWebDriver.java:131)
at org.openqa.selenium.chrome.ChromeDriver.<init>(ChromeDriver.java:181)
at org.openqa.selenium.chrome.ChromeDriver.<init>(ChromeDriver.java:168)
at org.openqa.selenium.chrome.ChromeDriver.<init>(ChromeDriver.java:123)
at com.crm.qa.base.TestBase.initialization(TestBase.java:48)
at com.crm.qa.testcases.HomPageTest.setUp(HomPageTest.java:29)
at java.util.concurrent.FutureTask.run(FutureTask.java:266)
at java.util.concurrent.ThreadPoolExecutor.runWorker(ThreadPoolExecutor.java:1149)
at java.util.concurrent.ThreadPoolExecutor$Worker.run(ThreadPoolExecutor.java:624)
at java.lang.Thread.run(Thread.java:748)
... Removed 23 stack frames]]>
    </failure>
  </testcase> <!-- @BeforeMethod setUp -->
  <testcase name="@AfterMethod tearDown" time="0.0" classname="com.crm.qa.testcases.HomPageTest">
    <skipped/>
  </testcase> <!-- @AfterMethod tearDown -->
  <testcase name="@BeforeMethod setUp" time="15.678" classname="com.crm.qa.testcases.LoginPageTest">
    <failure type="org.openqa.selenium.SessionNotCreatedException" message="session not created
from chrome not reachable
  (Session info: chrome=80.0.3987.149)
Build info: version: &amp;apos;3.141.0&amp;apos;, revision: &amp;apos;2ecb7d9a&amp;apos;, time: &amp;apos;2018-10-31T20:09:30&amp;apos;
System info: host: &amp;apos;SHYAM&amp;apos;, ip: &amp;apos;192.168.1.100&amp;apos;, os.name: &amp;apos;Windows 10&amp;apos;, os.arch: &amp;apos;amd64&amp;apos;, os.version: &amp;apos;10.0&amp;apos;, java.version: &amp;apos;1.8.0_231&amp;apos;
Driver info: driver.version: ChromeDriver
remote stacktrace: Backtrace:
	Ordinal0 [0x0094A113+1548563]
	Ordinal0 [0x008CDDA1+1039777]
	Ordinal0 [0x0084E32E+516910]
	Ordinal0 [0x00848012+491538]
	Ordinal0 [0x008486EB+493291]
	Ordinal0 [0x00849855+497749]
	Ordinal0 [0x00845885+481413]
	Ordinal0 [0x0084F0D0+520400]
	Ordinal0 [0x007FC030+180272]
	Ordinal0 [0x007FB59D+177565]
	Ordinal0 [0x007F95FB+169467]
	Ordinal0 [0x007E160A+71178]
	Ordinal0 [0x007E2690+75408]
	Ordinal0 [0x007E2629+75305]
	Ordinal0 [0x008E71B7+1143223]
	GetHandleVerifier [0x009E2B46+507814]
	GetHandleVerifier [0x009E2864+507076]
	GetHandleVerifier [0x009E9F47+537511]
	GetHandleVerifier [0x009E3402+510050]
	Ordinal0 [0x008DF29C+1110684]
	Ordinal0 [0x008E938B+1151883]
	Ordinal0 [0x008E94F3+1152243]
	Ordinal0 [0x008E83F5+1147893]
	BaseThreadInitThunk [0x768C6359+25]
	RtlGetAppContainerNamedObjectPath [0x77AF7B74+228]
	RtlGetAppContainerNamedObjectPath [0x77AF7B44+180]
">
      <![CDATA[org.openqa.selenium.SessionNotCreatedException: session not created
from chrome not reachable
  (Session info: chrome=80.0.3987.149)
Build info: version: '3.141.0', revision: '2ecb7d9a', time: '2018-10-31T20:09:30'
System info: host: 'SHYAM', ip: '192.168.1.100', os.name: 'Windows 10', os.arch: 'amd64', os.version: '10.0', java.version: '1.8.0_231'
Driver info: driver.version: ChromeDriver
remote stacktrace: Backtrace:
Ordinal0 [0x0094A113+1548563]
Ordinal0 [0x008CDDA1+1039777]
Ordinal0 [0x0084E32E+516910]
Ordinal0 [0x00848012+491538]
Ordinal0 [0x008486EB+493291]
Ordinal0 [0x00849855+497749]
Ordinal0 [0x00845885+481413]
Ordinal0 [0x0084F0D0+520400]
Ordinal0 [0x007FC030+180272]
Ordinal0 [0x007FB59D+177565]
Ordinal0 [0x007F95FB+169467]
Ordinal0 [0x007E160A+71178]
Ordinal0 [0x007E2690+75408]
Ordinal0 [0x007E2629+75305]
Ordinal0 [0x008E71B7+1143223]
GetHandleVerifier [0x009E2B46+507814]
GetHandleVerifier [0x009E2864+507076]
GetHandleVerifier [0x009E9F47+537511]
GetHandleVerifier [0x009E3402+510050]
Ordinal0 [0x008DF29C+1110684]
Ordinal0 [0x008E938B+1151883]
Ordinal0 [0x008E94F3+1152243]
Ordinal0 [0x008E83F5+1147893]
BaseThreadInitThunk [0x768C6359+25]
RtlGetAppContainerNamedObjectPath [0x77AF7B74+228]
RtlGetAppContainerNamedObjectPath [0x77AF7B44+180]

at org.openqa.selenium.remote.W3CHandshakeResponse.lambda$errorHandler$0(W3CHandshakeResponse.java:62)
at org.openqa.selenium.remote.HandshakeResponse.lambda$getResponseFunction$0(HandshakeResponse.java:30)
at org.openqa.selenium.remote.ProtocolHandshake.lambda$createSession$0(ProtocolHandshake.java:123)
at java.util.stream.ReferencePipeline$3$1.accept(ReferencePipeline.java:193)
at java.util.Spliterators$ArraySpliterator.tryAdvance(Spliterators.java:958)
at java.util.stream.ReferencePipeline.forEachWithCancel(ReferencePipeline.java:126)
at java.util.stream.AbstractPipeline.copyIntoWithCancel(AbstractPipeline.java:499)
at java.util.stream.AbstractPipeline.copyInto(AbstractPipeline.java:486)
at java.util.stream.AbstractPipeline.wrapAndCopyInto(AbstractPipeline.java:472)
at java.util.stream.FindOps$FindOp.evaluateSequential(FindOps.java:152)
at java.util.stream.AbstractPipeline.evaluate(AbstractPipeline.java:234)
at java.util.stream.ReferencePipeline.findFirst(ReferencePipeline.java:464)
at org.openqa.selenium.remote.ProtocolHandshake.createSession(ProtocolHandshake.java:125)
at org.openqa.selenium.remote.ProtocolHandshake.createSession(ProtocolHandshake.java:74)
at org.openqa.selenium.remote.HttpCommandExecutor.execute(HttpCommandExecutor.java:136)
at org.openqa.selenium.remote.service.DriverCommandExecutor.execute(DriverCommandExecutor.java:83)
at org.openqa.selenium.remote.RemoteWebDriver.execute(RemoteWebDriver.java:552)
at org.openqa.selenium.remote.RemoteWebDriver.startSession(RemoteWebDriver.java:213)
at org.openqa.selenium.remote.RemoteWebDriver.<init>(RemoteWebDriver.java:131)
at org.openqa.selenium.chrome.ChromeDriver.<init>(ChromeDriver.java:181)
at org.openqa.selenium.chrome.ChromeDriver.<init>(ChromeDriver.java:168)
at org.openqa.selenium.chrome.ChromeDriver.<init>(ChromeDriver.java:123)
at com.crm.qa.base.TestBase.initialization(TestBase.java:48)
at com.crm.qa.testcases.LoginPageTest.setUp(LoginPageTest.java:22)
at java.util.concurrent.FutureTask.run(FutureTask.java:266)
at java.util.concurrent.ThreadPoolExecutor.runWorker(ThreadPoolExecutor.java:1149)
at java.util.concurrent.ThreadPoolExecutor$Worker.run(ThreadPoolExecutor.java:624)
at java.lang.Thread.run(Thread.java:748)
... Removed 23 stack frames]]>
    </failure>
  </testcase> <!-- @BeforeMethod setUp -->
  <testcase name="@AfterMethod tearDown" time="0.0" classname="com.crm.qa.testcases.LoginPageTest">
    <skipped/>
  </testcase> <!-- @AfterMethod tearDown -->
  <testcase name="@BeforeMethod setUp" time="0.0" classname="com.crm.qa.testcases.HomPageTest">
    <skipped/>
  </testcase> <!-- @BeforeMethod setUp -->
  <testcase name="@AfterMethod tearDown" time="0.0" classname="com.crm.qa.testcases.HomPageTest">
    <skipped/>
  </testcase> <!-- @AfterMethod tearDown -->
  <testcase name="@BeforeMethod setUp" time="15.62" classname="com.crm.qa.testcases.ContactsPageTest">
    <failure type="org.openqa.selenium.SessionNotCreatedException" message="session not created
from chrome not reachable
  (Session info: chrome=80.0.3987.149)
Build info: version: &amp;apos;3.141.0&amp;apos;, revision: &amp;apos;2ecb7d9a&amp;apos;, time: &amp;apos;2018-10-31T20:09:30&amp;apos;
System info: host: &amp;apos;SHYAM&amp;apos;, ip: &amp;apos;192.168.1.100&amp;apos;, os.name: &amp;apos;Windows 10&amp;apos;, os.arch: &amp;apos;amd64&amp;apos;, os.version: &amp;apos;10.0&amp;apos;, java.version: &amp;apos;1.8.0_231&amp;apos;
Driver info: driver.version: ChromeDriver
remote stacktrace: Backtrace:
	Ordinal0 [0x0094A113+1548563]
	Ordinal0 [0x008CDDA1+1039777]
	Ordinal0 [0x0084E32E+516910]
	Ordinal0 [0x00848012+491538]
	Ordinal0 [0x008486EB+493291]
	Ordinal0 [0x00849855+497749]
	Ordinal0 [0x00845885+481413]
	Ordinal0 [0x0084F0D0+520400]
	Ordinal0 [0x007FC030+180272]
	Ordinal0 [0x007FB59D+177565]
	Ordinal0 [0x007F95FB+169467]
	Ordinal0 [0x007E160A+71178]
	Ordinal0 [0x007E2690+75408]
	Ordinal0 [0x007E2629+75305]
	Ordinal0 [0x008E71B7+1143223]
	GetHandleVerifier [0x009E2B46+507814]
	GetHandleVerifier [0x009E2864+507076]
	GetHandleVerifier [0x009E9F47+537511]
	GetHandleVerifier [0x009E3402+510050]
	Ordinal0 [0x008DF29C+1110684]
	Ordinal0 [0x008E938B+1151883]
	Ordinal0 [0x008E94F3+1152243]
	Ordinal0 [0x008E83F5+1147893]
	BaseThreadInitThunk [0x768C6359+25]
	RtlGetAppContainerNamedObjectPath [0x77AF7B74+228]
	RtlGetAppContainerNamedObjectPath [0x77AF7B44+180]
">
      <![CDATA[org.openqa.selenium.SessionNotCreatedException: session not created
from chrome not reachable
  (Session info: chrome=80.0.3987.149)
Build info: version: '3.141.0', revision: '2ecb7d9a', time: '2018-10-31T20:09:30'
System info: host: 'SHYAM', ip: '192.168.1.100', os.name: 'Windows 10', os.arch: 'amd64', os.version: '10.0', java.version: '1.8.0_231'
Driver info: driver.version: ChromeDriver
remote stacktrace: Backtrace:
Ordinal0 [0x0094A113+1548563]
Ordinal0 [0x008CDDA1+1039777]
Ordinal0 [0x0084E32E+516910]
Ordinal0 [0x00848012+491538]
Ordinal0 [0x008486EB+493291]
Ordinal0 [0x00849855+497749]
Ordinal0 [0x00845885+481413]
Ordinal0 [0x0084F0D0+520400]
Ordinal0 [0x007FC030+180272]
Ordinal0 [0x007FB59D+177565]
Ordinal0 [0x007F95FB+169467]
Ordinal0 [0x007E160A+71178]
Ordinal0 [0x007E2690+75408]
Ordinal0 [0x007E2629+75305]
Ordinal0 [0x008E71B7+1143223]
GetHandleVerifier [0x009E2B46+507814]
GetHandleVerifier [0x009E2864+507076]
GetHandleVerifier [0x009E9F47+537511]
GetHandleVerifier [0x009E3402+510050]
Ordinal0 [0x008DF29C+1110684]
Ordinal0 [0x008E938B+1151883]
Ordinal0 [0x008E94F3+1152243]
Ordinal0 [0x008E83F5+1147893]
BaseThreadInitThunk [0x768C6359+25]
RtlGetAppContainerNamedObjectPath [0x77AF7B74+228]
RtlGetAppContainerNamedObjectPath [0x77AF7B44+180]

at org.openqa.selenium.remote.W3CHandshakeResponse.lambda$errorHandler$0(W3CHandshakeResponse.java:62)
at org.openqa.selenium.remote.HandshakeResponse.lambda$getResponseFunction$0(HandshakeResponse.java:30)
at org.openqa.selenium.remote.ProtocolHandshake.lambda$createSession$0(ProtocolHandshake.java:123)
at java.util.stream.ReferencePipeline$3$1.accept(ReferencePipeline.java:193)
at java.util.Spliterators$ArraySpliterator.tryAdvance(Spliterators.java:958)
at java.util.stream.ReferencePipeline.forEachWithCancel(ReferencePipeline.java:126)
at java.util.stream.AbstractPipeline.copyIntoWithCancel(AbstractPipeline.java:499)
at java.util.stream.AbstractPipeline.copyInto(AbstractPipeline.java:486)
at java.util.stream.AbstractPipeline.wrapAndCopyInto(AbstractPipeline.java:472)
at java.util.stream.FindOps$FindOp.evaluateSequential(FindOps.java:152)
at java.util.stream.AbstractPipeline.evaluate(AbstractPipeline.java:234)
at java.util.stream.ReferencePipeline.findFirst(ReferencePipeline.java:464)
at org.openqa.selenium.remote.ProtocolHandshake.createSession(ProtocolHandshake.java:125)
at org.openqa.selenium.remote.ProtocolHandshake.createSession(ProtocolHandshake.java:74)
at org.openqa.selenium.remote.HttpCommandExecutor.execute(HttpCommandExecutor.java:136)
at org.openqa.selenium.remote.service.DriverCommandExecutor.execute(DriverCommandExecutor.java:83)
at org.openqa.selenium.remote.RemoteWebDriver.execute(RemoteWebDriver.java:552)
at org.openqa.selenium.remote.RemoteWebDriver.startSession(RemoteWebDriver.java:213)
at org.openqa.selenium.remote.RemoteWebDriver.<init>(RemoteWebDriver.java:131)
at org.openqa.selenium.chrome.ChromeDriver.<init>(ChromeDriver.java:181)
at org.openqa.selenium.chrome.ChromeDriver.<init>(ChromeDriver.java:168)
at org.openqa.selenium.chrome.ChromeDriver.<init>(ChromeDriver.java:123)
at com.crm.qa.base.TestBase.initialization(TestBase.java:48)
at com.crm.qa.testcases.ContactsPageTest.setUp(ContactsPageTest.java:29)
at java.util.concurrent.FutureTask.run(FutureTask.java:266)
at java.util.concurrent.ThreadPoolExecutor.runWorker(ThreadPoolExecutor.java:1149)
at java.util.concurrent.ThreadPoolExecutor$Worker.run(ThreadPoolExecutor.java:624)
at java.lang.Thread.run(Thread.java:748)
... Removed 23 stack frames]]>
    </failure>
  </testcase> <!-- @BeforeMethod setUp -->
  <testcase name="@AfterMethod tearDown" time="0.0" classname="com.crm.qa.testcases.ContactsPageTest">
    <skipped/>
  </testcase> <!-- @AfterMethod tearDown -->
  <testcase name="@BeforeMethod setUp" time="0.0" classname="com.crm.qa.testcases.LoginPageTest">
    <skipped/>
  </testcase> <!-- @BeforeMethod setUp -->
  <testcase name="@AfterMethod tearDown" time="0.0" classname="com.crm.qa.testcases.LoginPageTest">
    <skipped/>
  </testcase> <!-- @AfterMethod tearDown -->
  <testcase name="@BeforeMethod setUp" time="0.0" classname="com.crm.qa.testcases.HomPageTest">
    <skipped/>
  </testcase> <!-- @BeforeMethod setUp -->
  <testcase name="@AfterMethod tearDown" time="0.0" classname="com.crm.qa.testcases.HomPageTest">
    <skipped/>
  </testcase> <!-- @AfterMethod tearDown -->
  <testcase name="@BeforeMethod setUp" time="0.0" classname="com.crm.qa.testcases.ContactsPageTest">
    <skipped/>
  </testcase> <!-- @BeforeMethod setUp -->
  <testcase name="@AfterMethod tearDown" time="0.0" classname="com.crm.qa.testcases.ContactsPageTest">
    <skipped/>
  </testcase> <!-- @AfterMethod tearDown -->
  <testcase name="@BeforeMethod setUp" time="0.0" classname="com.crm.qa.testcases.LoginPageTest">
    <skipped/>
  </testcase> <!-- @BeforeMethod setUp -->
  <testcase name="@AfterMethod tearDown" time="0.0" classname="com.crm.qa.testcases.LoginPageTest">
    <skipped/>
  </testcase> <!-- @AfterMethod tearDown -->
  <testcase name="@BeforeMethod setUp" time="0.0" classname="com.crm.qa.testcases.ContactsPageTest">
    <skipped/>
  </testcase> <!-- @BeforeMethod setUp -->
  <testcase name="@AfterMethod tearDown" time="0.0" classname="com.crm.qa.testcases.ContactsPageTest">
    <skipped/>
  </testcase> <!-- @AfterMethod tearDown -->
  <testcase name="verifyContactsLinTest" time="0.0" classname="com.crm.qa.testcases.HomPageTest">
    <skipped/>
  </testcase> <!-- verifyContactsLinTest -->
  <testcase name="loginPageTitleTest" time="0.0" classname="com.crm.qa.testcases.LoginPageTest">
    <skipped/>
  </testcase> <!-- loginPageTitleTest -->
  <testcase name="verifyHomePageTitleTest" time="0.0" classname="com.crm.qa.testcases.HomPageTest">
    <skipped/>
  </testcase> <!-- verifyHomePageTitleTest -->
  <testcase name="verifyContactsLabelTest" time="0.0" classname="com.crm.qa.testcases.ContactsPageTest">
    <skipped/>
  </testcase> <!-- verifyContactsLabelTest -->
  <testcase name="crmLogoImageTest" time="0.0" classname="com.crm.qa.testcases.LoginPageTest">
    <skipped/>
  </testcase> <!-- crmLogoImageTest -->
  <testcase name="verifyUserNameTest" time="0.0" classname="com.crm.qa.testcases.HomPageTest">
    <skipped/>
  </testcase> <!-- verifyUserNameTest -->
  <testcase name="selectSingleContactNameTest" time="0.0" classname="com.crm.qa.testcases.ContactsPageTest">
    <skipped/>
  </testcase> <!-- selectSingleContactNameTest -->
  <testcase name="loginTest" time="0.0" classname="com.crm.qa.testcases.LoginPageTest">
    <skipped/>
  </testcase> <!-- loginTest -->
  <testcase name="selectMultipleContactNameTest" time="0.0" classname="com.crm.qa.testcases.ContactsPageTest">
    <skipped/>
  </testcase> <!-- selectMultipleContactNameTest -->
</testsuite> <!-- free CRM App Test Cases -->
